[2026-03-10 11:42:09] ============================================================
[2026-03-10 11:42:09] Backfill nutrition from Open Food Facts
[2026-03-10 11:42:09] Mode: DRY-RUN (no changes)
[2026-03-10 11:42:09] Limit: 3 products
[2026-03-10 11:42:09] 
[2026-03-10 11:42:12] Products without nutrition: 0
[2026-03-10 11:42:12] Nothing to do.
[2026-03-10 12:19:19] ============================================================
[2026-03-10 12:19:19] Backfill nutrition from Open Food Facts
[2026-03-10 12:19:19] Mode: APPLY (will update DB)
[2026-03-10 12:19:19] 
[2026-03-10 12:19:22] Products without nutrition: 1458
[2026-03-10 12:19:22] [1/1458] Almond extract -> OFF search: Экстракт миндаля...
[2026-03-10 12:19:28]   Not found in OFF
[2026-03-10 12:19:28] [2/1458] Angostura bitters -> OFF search: Ангостура биттер...
[2026-03-10 12:19:32]   Not found in OFF
[2026-03-10 12:19:32] [3/1458] Ascorbic acid -> OFF search: Аскорбиновая кислота...
[2026-03-10 12:19:37]   Found: 308.0 kcal, P:0 F:0 C:76.9
[2026-03-10 12:19:37]   Updated OK
[2026-03-10 12:19:37] [4/1458] Baking soda -> OFF search: Сода пищевая...
[2026-03-10 12:19:43]   Not found in OFF
[2026-03-10 12:19:43] [5/1458] Black salt -> OFF search: Чёрная соль...
[2026-03-10 12:19:47]   Not found in OFF
[2026-03-10 12:19:47] [6/1458] Celery salt -> OFF search: Сельдерейная соль...
[2026-03-10 12:19:53]   Not found in OFF
[2026-03-10 12:19:53] [7/1458] Citric acid -> OFF search: Лимонная кислота...
[2026-03-10 12:19:59]   Not found in OFF
[2026-03-10 12:19:59] [8/1458] Decaf coffee -> OFF search: Кофе без кофеина...
[2026-03-10 12:20:03]   Not found in OFF
[2026-03-10 12:20:03] [9/1458] Food colouring -> OFF search: Краситель пищевой...
[2026-03-10 12:20:14]   Not found in OFF
[2026-03-10 12:20:14] [10/1458] Garlic salt -> OFF search: Чесночная соль...
[2026-03-10 12:20:21]   Found: 27.278 kcal, P:4.3 F:0.2 C:1.9
[2026-03-10 12:20:21]   Updated OK
[2026-03-10 12:20:21] [11/1458] Glycerine -> OFF search: Глицерин...
[2026-03-10 12:20:25]   Not found in OFF
[2026-03-10 12:20:25] [12/1458] Table -> OFF search: Table...
[2026-03-10 12:20:30]   Found: None kcal, P:0 F:0 C:0
[2026-03-10 12:20:31]   Updated OK
[2026-03-10 12:20:31] [13/1458] Абрикос -> OFF search: Абрикос...
[2026-03-10 12:20:35]   Found: 252.0 kcal, P:0 F:0 C:63.0
[2026-03-10 12:20:36]   Updated OK
[2026-03-10 12:20:36] [14/1458] Авокадо -> OFF search: Авокадо...
[2026-03-10 12:20:42]   Found: 218.6 kcal, P:2.0 F:20.0 C:6.0
[2026-03-10 12:20:43]   Updated OK
[2026-03-10 12:20:43] [15/1458] Авокадо	VND -> OFF search: Авокадо	VND...
[2026-03-10 12:20:46]   Not found in OFF
[2026-03-10 12:20:46] [16/1458] Агавовый сироп -> OFF search: Агавовый сироп...
[2026-03-10 12:20:50]   Not found in OFF
[2026-03-10 12:20:50] [17/1458] Агар (из водорослей) -> OFF search: Агар (из водорослей)...
[2026-03-10 12:20:55]   Not found in OFF
[2026-03-10 12:20:55] [18/1458] Агар-агар -> OFF search: Агар-агар...
[2026-03-10 12:21:00]   Not found in OFF
[2026-03-10 12:21:00] [19/1458] Аджика сухая -> OFF search: Аджика сухая...
[2026-03-10 12:21:04]   Not found in OFF
[2026-03-10 12:21:04] [20/1458] Азот жидкий кулинарный -> OFF search: Азот жидкий кулинарный...
[2026-03-10 12:21:10]   Not found in OFF
[2026-03-10 12:21:10] [21/1458] Айва -> OFF search: Айва...
[2026-03-10 12:21:19]   Found: 47.285 kcal, P:0.6 F:0.5 C:9.8
[2026-03-10 12:21:20]   Updated OK
[2026-03-10 12:21:20] [22/1458] Айран -> OFF search: Айран...
[2026-03-10 12:21:29]   Found: 40.0 kcal, P:2.5 F:2.0 C:2.9
[2026-03-10 12:21:29]   Updated OK
[2026-03-10 12:21:29] [23/1458] Айсберг (салат) -> OFF search: Айсберг (салат)...
[2026-03-10 12:21:39]   Found: 14.0 kcal, P:0.9 F:0.14 C:0.77
[2026-03-10 12:21:39]   Updated OK
[2026-03-10 12:21:39] [24/1458] Алыча -> OFF search: Алыча...
[2026-03-10 12:21:48]   Found: 29.11 kcal, P:0.2 F:0 C:6.9
[2026-03-10 12:21:48]   Updated OK
[2026-03-10 12:21:48] [25/1458] Альгинат натрия -> OFF search: Альгинат натрия...
[2026-03-10 12:21:57]   Not found in OFF
[2026-03-10 12:21:57] [26/1458] Амарант -> OFF search: Амарант...
[2026-03-10 12:22:05]   Not found in OFF
[2026-03-10 12:22:05] [27/1458] Ананас -> OFF search: Ананас...
[2026-03-10 12:22:12]   Found: 65.0 kcal, P:0 F:0 C:16.0
[2026-03-10 12:22:12]   Updated OK
[2026-03-10 12:22:12] [28/1458] Ананас сушеный -> OFF search: Ананас сушеный...
[2026-03-10 12:22:17]   Not found in OFF
[2026-03-10 12:22:17] [29/1458] Анис звездчатый (бадьян) -> OFF search: Анис звездчатый (бадьян)...
[2026-03-10 12:22:24]   Not found in OFF
[2026-03-10 12:22:24] [30/1458] Анчоус -> OFF search: Анчоус...
[2026-03-10 12:22:31]   Found: 139.079 kcal, P:20.1 F:6.1 C:0
[2026-03-10 12:22:32]   Updated OK
[2026-03-10 12:22:32] [31/1458] Анчоус	VND -> OFF search: Анчоус	VND...
[2026-03-10 12:22:37]   Not found in OFF
[2026-03-10 12:22:37] [32/1458] Анчоусы (в масле) -> OFF search: Анчоусы (в масле)...
[2026-03-10 12:22:42]   Not found in OFF
[2026-03-10 12:22:42] [33/1458] Анчоусы (соленые) -> OFF search: Анчоусы (соленые)...
[2026-03-10 12:22:47]   Not found in OFF
[2026-03-10 12:22:47] [34/1458] Апельсин -> OFF search: Апельсин...
[2026-03-10 12:22:54]   Found: 42.0 kcal, P:0 F:0 C:10.5
[2026-03-10 12:22:55]   Updated OK
[2026-03-10 12:22:55] [35/1458] Апельсин	VND -> OFF search: Апельсин	VND...
[2026-03-10 12:22:59]   Not found in OFF
[2026-03-10 12:22:59] [36/1458] Арахис -> OFF search: Арахис...
[2026-03-10 12:23:04]   Found: None kcal, P:30.0 F:50.0 C:10.0
[2026-03-10 12:23:05]   Updated OK
[2026-03-10 12:23:05] [37/1458] Арахис жареный -> OFF search: Арахис жареный...
[2026-03-10 12:23:12]   Not found in OFF
[2026-03-10 12:23:12] [38/1458] Арбуз -> OFF search: Арбуз...
[2026-03-10 12:23:17]   Found: 34.0 kcal, P:0 F:0 C:8.3
[2026-03-10 12:23:17]   Updated OK
[2026-03-10 12:23:17] [39/1458] Ароматизатор розовой воды -> OFF search: Ароматизатор розовой воды...
[2026-03-10 12:23:24]   Not found in OFF
[2026-03-10 12:23:24] [40/1458] Артишок -> OFF search: Артишок...
[2026-03-10 12:23:31]   Found: 30.449 kcal, P:1.2 F:0.1 C:6.0
[2026-03-10 12:23:31]   Updated OK
[2026-03-10 12:23:31] [41/1458] Артишоки консервированные -> OFF search: Артишоки консервированные...
[2026-03-10 12:23:36]   Not found in OFF
[2026-03-10 12:23:36] [42/1458] Ацесульфам калий -> OFF search: Ацесульфам калий...
[2026-03-10 12:23:40]   Not found in OFF
[2026-03-10 12:23:40] [43/1458] Баба-гануш -> OFF search: Баба-гануш...
[2026-03-10 12:23:44]   Not found in OFF
[2026-03-10 12:23:44] [44/1458] Багет французский -> OFF search: Багет французский...
[2026-03-10 12:23:50]   Found: 227.6 kcal, P:0 F:0 C:0
[2026-03-10 12:23:50]   Updated OK
[2026-03-10 12:23:50] [45/1458] Базилик -> OFF search: Базилик...
[2026-03-10 12:23:56]   Found: 33.454 kcal, P:2.5 F:0.6 C:4.3
[2026-03-10 12:23:58]   Updated OK
[2026-03-10 12:23:58] [46/1458] Базилик	VND -> OFF search: Базилик	VND...
[2026-03-10 12:24:02]   Not found in OFF
[2026-03-10 12:24:02] [47/1458] Базилик зеленый -> OFF search: Базилик зеленый...
[2026-03-10 12:24:05]   Not found in OFF
[2026-03-10 12:24:05] [48/1458] Базилик фиолетовый -> OFF search: Базилик фиолетовый...
[2026-03-10 12:24:10]   Not found in OFF
[2026-03-10 12:24:10] [49/1458] Баклажан -> OFF search: Баклажан...
[2026-03-10 12:24:20]   Found: 24.299 kcal, P:1.2 F:0.1 C:4.5
[2026-03-10 12:24:20]   Updated OK
[2026-03-10 12:24:20] [50/1458] Баклажан	VND -> OFF search: Баклажан	VND...
[2026-03-10 12:24:27]   Not found in OFF
[2026-03-10 12:24:27] [51/1458] Балон для сифона -> OFF search: Балон для сифона...
[2026-03-10 12:24:33]   Not found in OFF
[2026-03-10 12:24:33] [52/1458] Балон для сифона	VND -> OFF search: Балон для сифона	VND...
[2026-03-10 12:24:38]   Not found in OFF
[2026-03-10 12:24:38] [53/1458] Банан -> OFF search: Банан...
[2026-03-10 12:24:42]   Found: 46.0 kcal, P:0.5 F:0.5 C:10.9
[2026-03-10 12:24:44]   Updated OK
[2026-03-10 12:24:44] [54/1458] Банан мини (чирилито) -> OFF search: Банан мини (чирилито)...
[2026-03-10 12:24:50]   Not found in OFF
[2026-03-10 12:24:50] [55/1458] Банан сушеный -> OFF search: Банан сушеный...
[2026-03-10 12:24:54]   Not found in OFF
[2026-03-10 12:24:54] [56/1458] Банка -> OFF search: Банка...
[2026-03-10 12:25:00]   Found: 270.0 kcal, P:58.0 F:0.2 C:26.0
[2026-03-10 12:25:00]   Updated OK
[2026-03-10 12:25:00] [57/1458] Банка	VND -> OFF search: Банка	VND...
[2026-03-10 12:25:10]   Not found in OFF
[2026-03-10 12:25:10] [58/1458] Барабулька -> OFF search: Барабулька...
[2026-03-10 12:25:22]   Found: 114.842 kcal, P:19.4 F:3.8 C:0
[2026-03-10 12:25:22]   Updated OK
[2026-03-10 12:25:22] [59/1458] Баранина (каре) -> OFF search: Баранина (каре)...
[2026-03-10 12:40:44] ============================================================
[2026-03-10 12:40:44] Backfill nutrition from Open Food Facts
[2026-03-10 12:40:44] Mode: DRY-RUN (no changes)
[2026-03-10 12:40:44] 
[2026-03-10 12:40:48] Products without nutrition: 1439
[2026-03-10 12:41:00] [1/1439] (0%) Almond extract                      | Не найдено
[2026-03-10 12:41:07] [2/1439] (0%) Angostura bitters                   | Не найдено
[2026-03-10 12:41:15] [3/1439] (0%) Baking soda                         | Не найдено
[2026-03-10 12:41:21] [4/1439] (0%) Black salt                          | Не найдено
[2026-03-10 12:41:28] [5/1439] (0%) Celery salt                         | Не найдено
[2026-03-10 12:41:35] [6/1439] (0%) Citric acid                         | Не найдено
[2026-03-10 12:41:44] [7/1439] (0%) Decaf coffee                        | Не найдено
[2026-03-10 12:41:50] [8/1439] (0%) Food colouring                      | Не найдено
[2026-03-10 12:41:55] [9/1439] (0%) Glycerine                           | Не найдено
[2026-03-10 12:42:01] [10/1439] (0%) Table                               | OK ? ккал Б:0 Ж:0 У:0
[2026-03-10 12:42:05] [11/1439] (0%) Авокадо	VND                         | Не найдено
[2026-03-10 12:42:10] [12/1439] (0%) Агавовый сироп                      | Не найдено
[2026-03-10 12:42:16] [13/1439] (0%) Агар (из водорослей)                | Не найдено
[2026-03-10 12:42:21] [14/1439] (0%) Агар-агар                           | Не найдено
[2026-03-10 12:42:25] [15/1439] (1%) Аджика сухая                        | Не найдено
[2026-03-10 12:42:30] [16/1439] (1%) Азот жидкий кулинарный              | Не найдено
[2026-03-10 12:42:33] [17/1439] (1%) Альгинат натрия                     | Не найдено
[2026-03-10 12:42:36] [18/1439] (1%) Амарант                             | Не найдено
[2026-03-10 12:42:39] [19/1439] (1%) Ананас сушеный                      | Не найдено
[2026-03-10 12:42:45] [20/1439] (1%) Анис звездчатый (бадьян)            | Не найдено
[2026-03-10 12:42:48] [21/1439] (1%) Анчоус	VND                          | Не найдено
[2026-03-10 12:42:51] [22/1439] (1%) Анчоусы (в масле)                   | Не найдено
[2026-03-10 12:42:54] [23/1439] (1%) Анчоусы (соленые)                   | Не найдено
[2026-03-10 12:43:00] [24/1439] (1%) Апельсин	VND                        | Не найдено
[2026-03-10 12:43:04] [25/1439] (1%) Арахис                              | OK ? ккал Б:30.0 Ж:50.0 У:10.0
[2026-03-10 12:43:08] [26/1439] (1%) Арахис жареный                      | Не найдено
[2026-03-10 12:43:12] [27/1439] (1%) Ароматизатор розовой воды           | Не найдено
[2026-03-10 12:43:15] [28/1439] (1%) Артишоки консервированные           | Не найдено
[2026-03-10 12:43:19] [29/1439] (2%) Ацесульфам калий                    | Не найдено
[2026-03-10 12:43:23] [30/1439] (2%) Баба-гануш                          | Не найдено
[2026-03-10 12:43:32] [31/1439] (2%) Базилик	VND                         | Не найдено
[2026-03-10 12:43:37] [32/1439] (2%) Базилик зеленый                     | Не найдено
[2026-03-10 12:43:41] [33/1439] (2%) Базилик фиолетовый                  | Не найдено
[2026-03-10 12:43:47] [34/1439] (2%) Баклажан	VND                        | Не найдено
[2026-03-10 12:43:50] [35/1439] (2%) Балон для сифона                    | Не найдено
[2026-03-10 12:43:55] [36/1439] (2%) Балон для сифона	VND                | Не найдено
[2026-03-10 12:44:00] [37/1439] (2%) Банан мини (чирилито)               | Не найдено
[2026-03-10 12:44:03] [38/1439] (2%) Банан сушеный                       | Не найдено
[2026-03-10 12:44:07] [39/1439] (2%) Банка	VND                           | Не найдено
[2026-03-10 12:44:10] [40/1439] (2%) Баранина (каре)                     | Не найдено
[2026-03-10 12:44:15] [41/1439] (2%) Баранина (корейка)                  | Не найдено
[2026-03-10 12:44:21] [42/1439] (2%) Баранина (лопатка)                  | Не найдено
[2026-03-10 12:44:25] [43/1439] (2%) Баранина (нога)                     | Не найдено
[2026-03-10 12:44:31] [44/1439] (3%) Баранина (ребра)                    | Не найдено
[2026-03-10 12:44:35] [45/1439] (3%) Баранина (фарш)                     | Не найдено
[2026-03-10 12:44:40] [46/1439] (3%) Батавия (салат)                     | OK 16 ккал Б:1.5 Ж:0.2 У:2.0
[2026-03-10 12:44:46] [47/1439] (3%) Батат (сладкий картофель)           | OK 68 ккал Б:2.0 Ж:0 У:14.6
[2026-03-10 12:44:52] [48/1439] (3%) Бекон                               | OK 267 ккал Б:17.0 Ж:22.0 У:1.6
[2026-03-10 12:44:55] [49/1439] (3%) Бекон	VND                           | Не найдено
[2026-03-10 12:44:59] [50/1439] (3%) Бекон копченый                      | Не найдено
[2026-03-10 12:45:04] [51/1439] (3%) Белок яичный                        | OK 56 ккал Б:13.0 Ж:0 У:1.0
[2026-03-10 12:45:16] [52/1439] (3%) Белуга (филе)                       | Не найдено
[2026-03-10 12:45:26] [53/1439] (3%) Белый гриб (боровик)                | Не найдено
[2026-03-10 12:45:34] [54/1439] (3%) Болгарский перец желтый             | Не найдено
[2026-03-10 12:45:41] [55/1439] (3%) Болгарский перец зеленый            | Не найдено
[2026-03-10 12:45:47] [56/1439] (3%) Болгарский перец красный            | Не найдено
[2026-03-10 12:45:51] [57/1439] (3%) Бонито (стружка тунца)              | Не найдено
[2026-03-10 12:45:55] [58/1439] (4%) Бразильский орех                    | Не найдено
[2026-03-10 12:47:35] ============================================================
[2026-03-10 12:47:35] Backfill nutrition from Open Food Facts
[2026-03-10 12:47:35] Mode: APPLY (will update DB)
[2026-03-10 12:47:35] 
[2026-03-10 12:47:38] Products without nutrition: 1439
[2026-03-10 12:47:41] [1/1439] (0%) Almond extract                      | Не найдено
[2026-03-10 12:47:44] [2/1439] (0%) Angostura bitters                   | Не найдено
[2026-03-10 12:47:49] [3/1439] (0%) Baking soda                         | Не найдено
[2026-03-10 12:47:52] [4/1439] (0%) Black salt                          | Не найдено
[2026-03-10 12:47:55] [5/1439] (0%) Celery salt                         | Не найдено
[2026-03-10 12:47:59] [6/1439] (0%) Citric acid                         | Не найдено
[2026-03-10 12:48:03] [7/1439] (0%) Decaf coffee                        | Не найдено
[2026-03-10 12:48:05] [8/1439] (0%) Food colouring                      | Не найдено
[2026-03-10 12:48:09] [9/1439] (0%) Glycerine                           | Не найдено
[2026-03-10 12:48:13] [10/1439] (0%) Table                               | Пропуск (пустой результат)
[2026-03-10 12:48:17] [11/1439] (0%) Авокадо	VND                         | OK 219 ккал Б:2.0 Ж:20.0 У:6.0
[2026-03-10 12:48:20] [12/1439] (0%) Агавовый сироп                      | Не найдено
[2026-03-10 12:48:23] [13/1439] (0%) Агар (из водорослей)                | Не найдено
[2026-03-10 12:48:27] [14/1439] (0%) Агар-агар                           | Не найдено
[2026-03-10 12:48:32] [15/1439] (1%) Аджика сухая                        | Не найдено
[2026-03-10 12:48:38] [16/1439] (1%) Азот жидкий кулинарный              | Не найдено
[2026-03-10 12:48:42] [17/1439] (1%) Альгинат натрия                     | Не найдено
[2026-03-10 12:48:47] [18/1439] (1%) Амарант                             | Не найдено
[2026-03-10 12:48:54] [19/1439] (1%) Ананас сушеный                      | Не найдено
[2026-03-10 12:49:00] [20/1439] (1%) Анис звездчатый (бадьян)            | Не найдено
[2026-03-10 12:49:03] [21/1439] (1%) Анчоус	VND                          | OK 139 ккал Б:20.1 Ж:6.1 У:0
[2026-03-10 12:49:07] [22/1439] (1%) Анчоусы (в масле)                   | Не найдено
[2026-03-10 12:49:10] [23/1439] (1%) Анчоусы (соленые)                   | Не найдено
[2026-03-10 12:49:14] [24/1439] (1%) Апельсин	VND                        | OK 42 ккал Б:0 Ж:0 У:10.5
[2026-03-10 12:49:18] [25/1439] (1%) Арахис                              | OK ? ккал Б:30.0 Ж:50.0 У:10.0
[2026-03-10 12:49:19] 
[2026-03-10 12:49:19]   >>> Прогресс: 25/1439 | Обновлено: 4 | Не найдено: 21 | Ошибки: 0
[2026-03-10 12:49:19] 
[2026-03-10 12:49:24] [26/1439] (1%) Арахис жареный                      | Не найдено
[2026-03-10 12:49:27] [27/1439] (1%) Ароматизатор розовой воды           | Не найдено
[2026-03-10 12:49:30] [28/1439] (1%) Артишоки консервированные           | Не найдено
[2026-03-10 12:49:33] [29/1439] (2%) Ацесульфам калий                    | Не найдено
[2026-03-10 12:49:37] [30/1439] (2%) Баба-гануш                          | Не найдено
[2026-03-10 12:49:41] [31/1439] (2%) Базилик	VND                         | OK 33 ккал Б:2.5 Ж:0.6 У:4.3
[2026-03-10 12:49:47] [32/1439] (2%) Базилик зеленый                     | Не найдено
[2026-03-10 12:49:51] [33/1439] (2%) Базилик фиолетовый                  | Не найдено
[2026-03-10 12:49:54] [34/1439] (2%) Баклажан	VND                        | OK 24 ккал Б:1.2 Ж:0.1 У:4.5
[2026-03-10 12:49:59] [35/1439] (2%) Балон для сифона                    | Не найдено
[2026-03-10 12:50:03] [36/1439] (2%) Балон для сифона	VND                | Не найдено
[2026-03-10 12:50:14] [37/1439] (2%) Банан мини (чирилито)               | Не найдено
[2026-03-10 12:50:26] [38/1439] (2%) Банан сушеный                       | Не найдено
[2026-03-10 12:50:37] [39/1439] (2%) Банка	VND                           | OK 270 ккал Б:58.0 Ж:0.2 У:26.0
[2026-03-10 12:50:47] [40/1439] (2%) Баранина (каре)                     | Не найдено
[2026-03-10 12:50:55] [41/1439] (2%) Баранина (корейка)                  | Не найдено
[2026-03-10 12:51:04] [42/1439] (2%) Баранина (лопатка)                  | Не найдено
[2026-03-10 12:51:16] [43/1439] (2%) Баранина (нога)                     | Не найдено
[2026-03-10 12:51:26] [44/1439] (3%) Баранина (ребра)                    | Не найдено
[2026-03-10 12:51:38] [45/1439] (3%) Баранина (фарш)                     | Не найдено
[2026-03-10 12:51:49] [46/1439] (3%) Батавия (салат)                     | OK 16 ккал Б:1.5 Ж:0.2 У:2.0
[2026-03-10 12:52:00] [47/1439] (3%) Батат (сладкий картофель)           | OK 68 ккал Б:2.0 Ж:0 У:14.6
[2026-03-10 12:52:09] [48/1439] (3%) Бекон                               | OK 267 ккал Б:17.0 Ж:22.0 У:1.6
[2026-03-10 12:52:17] [49/1439] (3%) Бекон	VND                           | OK 267 ккал Б:17.0 Ж:22.0 У:1.6
[2026-03-10 12:52:21] [50/1439] (3%) Бекон копченый                      | Не найдено
[2026-03-10 12:52:26] [51/1439] (3%) Белок яичный                        | OK 56 ккал Б:13.0 Ж:0 У:1.0
[2026-03-10 12:52:30] [52/1439] (3%) Белуга (филе)                       | Не найдено
[2026-03-10 12:52:32] [53/1439] (3%) Белый гриб (боровик)                | Не найдено
[2026-03-10 12:52:36] [54/1439] (3%) Болгарский перец желтый             | Не найдено
[2026-03-10 12:52:39] [55/1439] (3%) Болгарский перец зеленый            | Не найдено
[2026-03-10 12:52:43] [56/1439] (3%) Болгарский перец красный            | Не найдено
[2026-03-10 12:52:47] [57/1439] (3%) Бонито (стружка тунца)              | Не найдено
[2026-03-10 12:52:51] [58/1439] (4%) Бразильский орех                    | Не найдено
[2026-03-10 12:52:54] [59/1439] (4%) Брезаола                            | Не найдено
[2026-03-10 12:52:58] [60/1439] (4%) Бриошь                              | OK 296 ккал Б:9.25714285714286 Ж:10.4 У:41.3714285714286
[2026-03-10 12:53:07] [61/1439] (4%) Брокколи                            | OK 27 ккал Б:2.79999995231628 Ж:0.300000011920929 У:1.79999995231628
[2026-03-10 12:53:12] [62/1439] (4%) Брусника                            | OK 45 ккал Б:0.5 Ж:0.5 У:8.0
[2026-03-10 12:53:17] [63/1439] (4%) Брюква                              | OK 37 ккал Б:1.2 Ж:0.1 У:7.7
[2026-03-10 12:53:23] [64/1439] (4%) Булгур                              | OK 311 ккал Б:12.1 Ж:1.3 У:62.8
[2026-03-10 12:53:27] [65/1439] (4%) Бульон говяжий                      | OK 4 ккал Б:0.6 Ж:0.2 У:0
[2026-03-10 12:53:33] [66/1439] (4%) Бульон куриный                      | OK 14 ккал Б:2.0 Ж:0.5 У:0.3
[2026-03-10 12:53:37] [67/1439] (4%) Бульон овощной                      | OK 5 ккал Б:0.2 Ж:0.1 У:0.9
[2026-03-10 12:53:41] [68/1439] (4%) Бульон рыбный                       | OK 2 ккал Б:0.4 Ж:0 У:0
[2026-03-10 12:53:45] [69/1439] (4%) Бульон сухой грибной                | Не найдено
[2026-03-10 12:53:50] [70/1439] (4%) Бульон сухой грибной	VND            | Не найдено
[2026-03-10 12:53:54] [71/1439] (4%) Вакаме (морская капуста)            | Не найдено
[2026-03-10 12:53:59] [72/1439] (5%) Ванилин                             | OK 53 ккал Б:0.1 Ж:0.1 У:12.7
[2026-03-10 12:54:06] [73/1439] (5%) Ваниль                              | OK 125 ккал Б:3.8 Ж:7.0 У:11.8
[2026-03-10 12:54:11] [74/1439] (5%) Ваниль	VND                          | OK 125 ккал Б:3.8 Ж:7.0 У:11.8
[2026-03-10 12:54:16] [75/1439] (5%) Ваниль (стручок)                    | Не найдено
[2026-03-10 12:54:21] [76/1439] (5%) Ванильный сахар                     | Не найдено
[2026-03-10 12:54:27] [77/1439] (5%) Ванильный экстракт                  | Не найдено
[2026-03-10 12:54:32] [78/1439] (5%) Васаби (корень)                     | Не найдено
[2026-03-10 12:54:37] [79/1439] (5%) Ветчина вареная                     | OK 285 ккал Б:10.0 Ж:25.0 У:5.0
[2026-03-10 12:54:42] [80/1439] (5%) Вешенка                             | Не найдено
[2026-03-10 12:54:49] [81/1439] (5%) Вешенка розовая                     | Не найдено
[2026-03-10 12:54:55] [82/1439] (5%) Вино белое кухня                    | Не найдено
[2026-03-10 12:55:01] [83/1439] (5%) Вино белое кухня	VND                | Не найдено
[2026-03-10 12:55:13] [84/1439] (5%) Вино белое сухое (для готовки)      | Не найдено
[2026-03-10 12:55:20] [85/1439] (5%) Вино красное сухое (для готовки)    | Не найдено
[2026-03-10 12:55:26] [86/1439] (5%) Виноград белый (кишмиш)             | Не найдено
[2026-03-10 12:55:31] [87/1439] (6%) Виноград красный                    | Не найдено
[2026-03-10 12:55:35] [88/1439] (6%) Виноград черный                     | Не найдено
[2026-03-10 12:55:40] [89/1439] (6%) Вишня                               | OK 66 ккал Б:0.699999988079071 Ж:0.200000002980232 У:14.0
[2026-03-10 12:55:46] [90/1439] (6%) Вишня С/М                           | Не найдено
[2026-03-10 12:55:51] [91/1439] (6%) Вишня С/М	VND                       | Не найдено
[2026-03-10 12:55:57] [92/1439] (6%) Вода                                | OK 3 ккал Б:0 Ж:0 У:0
[2026-03-10 12:56:06] [93/1439] (6%) Вода	VND                            | OK 3 ккал Б:0 Ж:0 У:0
[2026-03-10 12:56:18] [94/1439] (6%) Вода газированная                   | OK 20 ккал Б:0 Ж:0 У:4.8
[2026-03-10 12:56:30] [95/1439] (6%) Вода питьевая                       | Не найдено
[2026-03-10 12:58:57] ============================================================
[2026-03-10 12:58:57] Backfill nutrition from Open Food Facts
[2026-03-10 12:58:57] Mode: APPLY (will update DB)
[2026-03-10 12:58:57] 
[2026-03-10 12:58:59] Products without nutrition: 1411
[2026-03-10 12:59:09] [1/1411] (0%) Almond extract                      | OK 1 ккал Б:0 Ж:0 У:0
[2026-03-10 12:59:21] [2/1411] (0%) Angostura bitters                   | OK 167 ккал Б:0 Ж:0 У:46.67
[2026-03-10 12:59:30] [3/1411] (0%) Baking soda                         | OK 100 ккал Б:0 Ж:0 У:0
[2026-03-10 12:59:40] [4/1411] (0%) Black salt                          | OK 120 ккал Б:8.0 Ж:0.5 У:22.0
[2026-03-10 12:59:50] [5/1411] (0%) Celery salt                         | OK 93 ккал Б:4.4 Ж:5.9 У:2.6
[2026-03-10 13:00:00] [6/1411] (0%) Citric acid                         | OK 1 ккал Б:0 Ж:0 У:0
[2026-03-10 13:05:26] ============================================================
[2026-03-10 13:05:26] Backfill nutrition from Open Food Facts
[2026-03-10 13:05:26] Mode: APPLY (will update DB)
[2026-03-10 13:05:26] 
[2026-03-10 13:05:29] Products without nutrition: 1405
[2026-03-10 13:15:24] ============================================================
[2026-03-10 13:15:24] Backfill nutrition from Open Food Facts
[2026-03-10 13:15:24] Mode: APPLY (will update DB)
[2026-03-10 13:15:24] 
[2026-03-10 13:15:26] Products without nutrition: 1405
[2026-03-10 13:16:01] [1/1405] (0%) Decaf coffee                        | OK 1 ккал Б:0.2 Ж:0 У:0.3
[2026-03-10 13:16:26] [2/1405] (0%) Food colouring                      | OK 1 ккал Б:1.0 Ж:1.0 У:1.0
[2026-03-10 13:16:42] [3/1405] (0%) Glycerine                           | OK 180 ккал Б:15.0 Ж:8.0 У:0
[2026-03-10 13:16:50] [4/1405] (0%) Table                               | Пропуск (пустой результат)
[2026-03-10 13:17:12] [5/1405] (0%) Агавовый сироп                      | OK 304 ккал Б:0 Ж:0 У:76.0
[2026-03-10 13:18:03] [6/1405] (0%) Агар (из водорослей)                | OK 2 ккал Б:3.0 Ж:49.0 У:3.0
[2026-03-10 13:18:39] [7/1405] (0%) Агар-агар                           | OK 174 ккал Б:0 Ж:0 У:0
[2026-03-10 13:19:13] [8/1405] (0%) Аджика сухая                        | OK 63 ккал Б:0 Ж:0 У:15.333333333333
[2026-03-10 13:20:34] [9/1405] (0%) Азот жидкий кулинарный              | OK 45 ккал Б:3.1 Ж:1.5 У:4.9
[2026-03-10 13:21:47] [10/1405] (0%) Альгинат натрия                     | OK 102 ккал Б:21.0 Ж:2.0 У:0
[2026-03-10 13:22:28] [11/1405] (0%) Амарант                             | Не найдено
[2026-03-10 13:22:59] [12/1405] (0%) Ананас сушеный                      | OK 106 ккал Б:0.6 Ж:0 У:24.0
[2026-03-10 13:23:22] [13/1405] (0%) Анис звездчатый (бадьян)            | OK 64 ккал Б:0.8 Ж:0.8 У:12.0
[2026-03-10 13:23:42] [14/1405] (0%) Анчоусы (в масле)                   | OK 206 ккал Б:26.0 Ж:11.0 У:1.9
[2026-03-10 13:23:55] [15/1405] (1%) Анчоусы (соленые)                   | OK 133 ккал Б:20.0 Ж:5.0 У:0
[2026-03-10 13:24:03] [16/1405] (1%) Арахис                              | OK ? ккал Б:30.0 Ж:50.0 У:10.0
[2026-03-10 13:24:20] [17/1405] (1%) Арахис жареный                      | OK ? ккал Б:30.0 Ж:50.0 У:10.0
[2026-03-10 13:24:47] [18/1405] (1%) Ароматизатор розовой воды           | OK 35 ккал Б:0.5 Ж:0.1 У:7.9
[2026-03-10 13:25:00] [19/1405] (1%) Артишоки консервированные           | OK 150 ккал Б:2.1 Ж:10.5 У:9.8
[2026-03-10 13:25:49] [20/1405] (1%) Ацесульфам калий                    | OK 53 ккал Б:2.94 Ж:0 У:9.41
[2026-03-10 13:26:19] [21/1405] (1%) Баба-гануш                          | OK 84 ккал Б:3.0 Ж:6.2 У:2.6
[2026-03-10 13:26:51] [22/1405] (1%) Базилик зеленый                     | OK 208 ккал Б:13.0 Ж:16.0 У:2.5
[2026-03-10 13:27:14] [23/1405] (1%) Базилик фиолетовый                  | OK 33 ккал Б:2.5 Ж:0.6 У:4.3
[2026-03-10 13:27:15] [24/1405] Skip (упаковка): Балон для сифона
[2026-03-10 13:27:15] [25/1405] Skip (упаковка): Балон для сифона	VND
[2026-03-10 13:27:27] [26/1405] (1%) Банан мини (чирилито)               | OK 89 ккал Б:1.1 Ж:0.3 У:22.8
[2026-03-10 13:27:37] [27/1405] (1%) Банан сушеный                       | OK 306 ккал Б:4.4 Ж:0.6 У:67.2
[2026-03-10 13:27:50] [28/1405] (1%) Баранина (каре)                     | OK 170 ккал Б:19.642857142857 Ж:9.8214285714286 У:0
[2026-03-10 13:28:03] [29/1405] (2%) Баранина (корейка)                  | OK 268 ккал Б:16.964285714286 Ж:22.321428571429 У:0
[2026-03-10 13:28:18] [30/1405] (2%) Баранина (лопатка)                  | OK 216 ккал Б:19.7 Ж:14.2 У:1.9
[2026-03-10 13:28:27] [31/1405] (2%) Баранина (нога)                     | OK 155 ккал Б:19.8 Ж:8.4 У:0
[2026-03-10 13:28:37] [32/1405] (2%) Баранина (ребра)                    | OK 155 ккал Б:20.0 Ж:8.3 У:0
[2026-03-10 13:28:50] [33/1405] (2%) Баранина (фарш)                     | OK 259 ккал Б:17.8571428571429 Ж:19.6428571428571 У:0
[2026-03-10 13:29:02] [34/1405] (2%) Бекон копченый                      | OK 237 ккал Б:28.0 Ж:13.0 У:1.1
[2026-03-10 13:29:16] [35/1405] (2%) Белуга (филе)                       | OK 240 ккал Б:23.3 Ж:15.6 У:0
[2026-03-10 13:29:27] [36/1405] (2%) Белый гриб (боровик)                | OK 300 ккал Б:9.7 Ж:11.7 У:37.9
[2026-03-10 13:29:51] [37/1405] (2%) Болгарский перец желтый             | OK 27 ккал Б:0.8 Ж:0.5 У:4.4
[2026-03-10 13:30:14] [38/1405] (2%) Болгарский перец зеленый            | OK 29 ккал Б:1.44578313253012 Ж:0 У:5.80722891566265
[2026-03-10 13:30:57] [39/1405] (2%) Болгарский перец красный            | OK 29 ккал Б:0 Ж:0 У:0
[2026-03-10 13:31:53] [40/1405] (2%) Бонито (стружка тунца)              | OK 206 ккал Б:28.1 Ж:10.4 У:0
[2026-03-10 13:32:38] [41/1405] (2%) Бразильский орех                    | OK 302 ккал Б:0.4 Ж:0.1 У:75.1
[2026-03-10 13:32:51] [42/1405] (2%) Брезаола                            | OK 169 ккал Б:34.0 Ж:3.4 У:0.5
[2026-03-10 13:33:07] [43/1405] (3%) Бульон сухой грибной                | OK 228 ккал Б:5.2 Ж:12.6 У:23.3
[2026-03-10 13:33:26] [44/1405] (3%) Бульон сухой грибной	VND            | OK 228 ккал Б:5.2 Ж:12.6 У:23.3
[2026-03-10 13:33:39] [45/1405] (3%) Вакаме (морская капуста)            | OK 161 ккал Б:14.0 Ж:1.9 У:0
[2026-03-10 13:33:55] [46/1405] (3%) Ваниль (стручок)                    | OK 271 ккал Б:3.87596899224806 Ж:17.8294573643411 У:22.4806201550388
[2026-03-10 13:34:11] [47/1405] (3%) Ванильный сахар                     | OK 76 ккал Б:10.8 Ж:1.1 У:5.3
[2026-03-10 13:34:23] [48/1405] (3%) Ванильный экстракт                  | OK 293 ккал Б:0 Ж:0 У:73.0
[2026-03-10 13:34:41] [49/1405] (3%) Васаби (корень)                     | OK 140 ккал Б:4.5 Ж:8.0 У:11.5
[2026-03-10 13:34:53] [50/1405] (3%) Вешенка                             | OK 8 ккал Б:1.0 Ж:0.2 У:0.3
[2026-03-10 13:34:53] 
[2026-03-10 13:34:53]   >>> Прогресс: 50/1405 | Обновлено: 46 | Не найдено: 2 | Ошибки: 0
[2026-03-10 13:34:53] 
[2026-03-10 13:35:21] [51/1405] (3%) Вешенка розовая                     | OK 47 ккал Б:0.1 Ж:0 У:11.0
[2026-03-10 13:35:47] [52/1405] (3%) Вино белое кухня                    | OK 120 ккал Б:7.42 Ж:2.47 У:16.61
[2026-03-10 13:36:16] [53/1405] (3%) Вино белое кухня	VND                | OK 120 ккал Б:7.42 Ж:2.47 У:16.61
[2026-03-10 13:36:55] [54/1405] (3%) Вино белое сухое (для готовки)      | OK 79 ккал Б:0 Ж:0 У:0.2
[2026-03-10 13:37:20] [55/1405] (3%) Вино красное сухое (для готовки)    | OK 79 ккал Б:0 Ж:0 У:0.2
[2026-03-10 13:37:36] [56/1405] (3%) Виноград белый (кишмиш)             | OK 66 ккал Б:0.5 Ж:0.5 У:15.4
[2026-03-10 13:37:57] [57/1405] (4%) Виноград красный                    | OK 55 ккал Б:1.0 Ж:0 У:12.8
[2026-03-10 13:38:16] [58/1405] (4%) Виноград черный                     | OK 66 ккал Б:0.5 Ж:0.5 У:15.4
[2026-03-10 13:38:33] [59/1405] (4%) Вишня С/М                           | OK 66 ккал Б:0.699999988079071 Ж:0.200000002980232 У:14.0
[2026-03-10 13:38:44] [60/1405] (4%) Вишня С/М	VND                       | OK 66 ккал Б:0.699999988079071 Ж:0.200000002980232 У:14.0
[2026-03-10 13:39:03] [61/1405] (4%) Вода питьевая                       | OK 3 ккал Б:0 Ж:0 У:0
[2026-03-10 13:39:19] [62/1405] (4%) Вода суюку джасмин                  | OK 3 ккал Б:0 Ж:0 У:0
[2026-03-10 13:39:31] [63/1405] (4%) Вода флёрдоранжевая                 | OK 214 ккал Б:0 Ж:0 У:57.14
[2026-03-10 13:39:42] [64/1405] (4%) Водяной кресс                       | OK 15 ккал Б:2.5 Ж:0 У:0.5
[2026-03-10 13:39:51] [65/1405] (4%) Ворчесте                            | Не найдено
[2026-03-10 13:40:01] [66/1405] (4%) Ворчестер                           | OK 97 ккал Б:0.7 Ж:0.7 У:22.0
[2026-03-10 13:40:20] [67/1405] (4%) Ворчестер	VND                       | OK 97 ккал Б:0.7 Ж:0.7 У:22.0
[2026-03-10 13:41:06] [68/1405] (4%) Ворчестер (lea perens)              | OK 97 ккал Б:0.7 Ж:0.7 У:22.0
[2026-03-10 13:41:57] [69/1405] (4%) Вустерская паста                    | OK 96 ккал Б:0.8 Ж:0.9 У:21.0
[2026-03-10 13:42:07] [70/1405] (4%) Вымя говяжье                        | OK 178 ккал Б:12.3 Ж:13.7 У:0
[2026-03-10 13:42:20] [71/1405] (5%) Галангал                            | OK 78 ккал Б:1.8 Ж:0.7 У:15.7
[2026-03-10 13:42:56] [72/1405] (5%) Галангал молотый                    | OK 78 ккал Б:1.8 Ж:0.7 У:15.7
[2026-03-10 13:43:27] [73/1405] (5%) Гарам масала                        | OK 148 ккал Б:2.9 Ж:2.4 У:27.0
[2026-03-10 13:44:10] [74/1405] (5%) Гвоздика (целая)                    | OK 50 ккал Б:3.5999999046326 Ж:1.7999999523163 У:4.8000001907349
[2026-03-10 13:45:38]   OFF error: timeout: The read operation timed out
[2026-03-10 13:45:40] [75/1405] (5%) Гвоздика молотая                    | Не найдено
[2026-03-10 13:46:03] [76/1405] (5%) Геркулес                            | OK 311 ккал Б:12.0 Ж:6.0 У:51.0
[2026-03-10 13:47:13] [77/1405] (5%) Глутамат натрия                     | OK 270 ккал Б:58.0 Ж:0.2 У:26.0
[2026-03-10 13:47:37] [78/1405] (5%) Глюкоза                             | OK 130 ккал Б:0 Ж:0 У:32.0
[2026-03-10 13:47:56] [79/1405] (5%) Глюкоза	VND                         | OK 130 ккал Б:0 Ж:0 У:32.0
[2026-03-10 13:48:46]   OFF error: timeout: The read operation timed out
[2026-03-10 13:49:11] [80/1405] (5%) Говядина (антрекот)                 | OK 317 ккал Б:61.5 Ж:7.9 У:0
[2026-03-10 13:49:38]   OFF error: timeout: The read operation timed out
[2026-03-10 13:50:06]   OFF error: timeout: The read operation timed out
[2026-03-10 13:50:34]   OFF error: timeout: The read operation timed out
[2026-03-10 13:51:02]   OFF error: timeout: The read operation timed out
[2026-03-10 13:51:04] [81/1405] (5%) Говядина (вырезка)                  | Не найдено
[2026-03-10 13:51:54] [82/1405] (5%) Говядина (грудинка)                 | OK 97 ккал Б:8.71052631578947 Ж:2.28947368421053 У:11.6842105263158
[2026-03-10 13:52:21]   OFF error: timeout: The read operation timed out
[2026-03-10 13:52:49]   OFF error: timeout: The read operation timed out
[2026-03-10 13:53:17]   OFF error: timeout: The read operation timed out
[2026-03-10 13:53:46] [83/1405] (5%) Говядина (лопатка)                  | OK 212 ккал Б:17.0 Ж:16.0 У:0
[2026-03-10 13:54:13]   OFF error: timeout: The read operation timed out
[2026-03-10 13:54:41]   OFF error: timeout: The read operation timed out
[2026-03-10 13:55:08] [84/1405] (5%) Говядина (оковалок)                 | OK 317 ккал Б:61.5 Ж:7.9 У:0
[2026-03-10 13:55:35]   OFF error: timeout: The read operation timed out
[2026-03-10 13:56:04] [85/1405] (6%) Говядина (ребра)                    | OK 223 ккал Б:21.0 Ж:15.0 У:1.1
[2026-03-10 13:56:30] [86/1405] (6%) Говядина (стейк рибай)              | OK 230 ккал Б:16.0 Ж:18.0 У:0
[2026-03-10 13:57:23] [87/1405] (6%) Говядина (стейк стриплойн)          | OK 201 ккал Б:21.6 Ж:12.7 У:0
[2026-03-10 13:58:18] [88/1405] (6%) Говядина (толстый край)             | OK 244 ккал Б:19.4690265486726 Ж:17.6991150442478 У:0
[2026-03-10 13:58:45]   OFF error: timeout: The read operation timed out
[2026-03-10 13:59:13]   OFF error: timeout: The read operation timed out
[2026-03-10 13:59:33] [89/1405] (6%) Говядина (тонкий край)              | OK 317 ккал Б:61.5 Ж:7.9 У:0
[2026-03-10 14:00:00]   OFF error: timeout: The read operation timed out
[2026-03-10 14:00:26] [90/1405] (6%) Говядина (фарш)                     | OK 132 ккал Б:21.9 Ж:4.9 У:0
[2026-03-10 14:01:03] [91/1405] (6%) Говядина Вырезка                    | OK 190 ккал Б:28.2191695596643 Ж:7.05479238991608 У:0
[2026-03-10 14:01:36] [92/1405] (6%) Говядина Вырезка	VND                | OK 190 ккал Б:28.2191695596643 Ж:7.05479238991608 У:0
[2026-03-10 14:02:04] [93/1405] (6%) Голубика                            | OK 38 ккал Б:1.0 Ж:0 У:8.2
[2026-03-10 14:02:22] [94/1405] (6%) Голубика	VND                        | OK 38 ккал Б:1.0 Ж:0 У:8.2
[2026-03-10 14:02:48]   OFF error: timeout: The read operation timed out
[2026-03-10 14:03:32]   OFF error: timeout: The read operation timed out
[2026-03-10 14:03:50] [95/1405] (6%) Голубика С/М                        | OK 45 ккал Б:0.9 Ж:0.2 У:9.1
[2026-03-10 14:04:28] [96/1405] (6%) Голубика С/М	VND                    | OK 38 ккал Б:1.0 Ж:0 У:8.2
[2026-03-10 14:05:15] [97/1405] (6%) Голубь (тушка)                      | OK 80 ккал Б:4.0 Ж:0.8 У:13.6
[2026-03-10 14:05:23] [98/1405] (6%) Горбуша (филе)                      | OK 169 ккал Б:22.1 Ж:9.0 У:0
[2026-03-10 14:05:33] [99/1405] (7%) Горох колотый                       | OK 314 ккал Б:23.0 Ж:1.5 У:50.0
[2026-03-10 14:05:50] [100/1405] (7%) Горох сахарный                      | OK 41 ккал Б:2.35294117647059 Ж:0 У:7.05882352941176
[2026-03-10 14:05:50] 
[2026-03-10 14:05:50]   >>> Прогресс: 100/1405 | Обновлено: 93 | Не найдено: 5 | Ошибки: 0
[2026-03-10 14:05:50] 
[2026-03-10 14:06:10] [101/1405] (7%) Горох стручковый                    | OK 53 ккал Б:3.3053035751496 Ж:0 У:9.91591072544881
[2026-03-10 14:06:29] [102/1405] (7%) Горох сухой                         | OK 286 ккал Б:23.2142857142857 Ж:1.78571428571429 У:60.7142857142857
[2026-03-10 14:06:39] [103/1405] (7%) Горошек зеленый консервированный    | OK 40 ккал Б:3.0 Ж:0 У:6.5
[2026-03-10 14:07:05] [104/1405] (7%) Горошек с/м                         | OK 40 ккал Б:3.0 Ж:0 У:6.5
[2026-03-10 14:07:30] [105/1405] (7%) Горошек с/м	VND                     | OK 40 ккал Б:3.0 Ж:0 У:6.5
[2026-03-10 14:07:39] [106/1405] (7%) Горчица                             | OK 196 ккал Б:7.5 Ж:9.5 У:20.0
[2026-03-10 14:07:45] [107/1405] (7%) Горчица	VND                         | OK 196 ккал Б:7.5 Ж:9.5 У:20.0
[2026-03-10 14:08:08] [108/1405] (7%) Горчица американская                | OK 60 ккал Б:4.6 Ж:3.3 У:4.3
[2026-03-10 14:08:27] [109/1405] (7%) Горчица дижонская                   | OK 234 ккал Б:5.8 Ж:14.3 У:20.6
[2026-03-10 14:08:53]   OFF error: timeout: The read operation timed out
[2026-03-10 14:09:21]   OFF error: timeout: The read operation timed out
[2026-03-10 14:09:35] [110/1405] (7%) Горчица зернистая                   | OK 196 ккал Б:7.5 Ж:9.5 У:20.0
[2026-03-10 14:09:51] [111/1405] (7%) Горчица русская                     | OK 141 ккал Б:8.0 Ж:8.4 У:8.5
[2026-03-10 14:10:25] [112/1405] (7%) Гочукару (хлопья корейского чили)   | OK 305 ккал Б:15.1 Ж:9.5 У:58.6
[2026-03-10 14:10:42] [113/1405] (8%) Гранат                              | OK 60 ккал Б:0.3 Ж:0 У:16.0
[2026-03-10 14:11:08]   OFF error: timeout: The read operation timed out
[2026-03-10 14:11:28] [114/1405] (8%) Гранола                             | OK 122 ккал Б:3.5 Ж:2.5 У:20.0
[2026-03-10 14:12:03] [115/1405] (8%) Гребешок (ИКС)                      | OK 91 ккал Б:18.3 Ж:1.0 У:1.9
[2026-03-10 14:12:20] [116/1405] (8%) Гребешок морской                    | OK 101 ккал Б:17.0 Ж:2.0 У:3.0
[2026-03-10 14:12:40] [117/1405] (8%) Грейпфрут                           | OK 48 ккал Б:0 Ж:0 У:12.0
[2026-03-10 14:13:06] [118/1405] (8%) Грецкий орех                        | OK ? ккал Б:14.8 Ж:64.0 У:13.7
[2026-03-10 14:13:34]   OFF error: timeout: The read operation timed out
[2026-03-10 14:14:02]   OFF error: timeout: The read operation timed out
[2026-03-10 14:14:22] [119/1405] (8%) Гречка продел                       | OK 192 ккал Б:8.0 Ж:2.09999990463257 У:0
[2026-03-10 14:15:06] [120/1405] (8%) Гречка ядрица                       | OK 308 ккал Б:13.0 Ж:3.3 У:57.0
[2026-03-10 14:15:30] [121/1405] (8%) Грибы                               | OK 21 ккал Б:2.6 Ж:0.6 У:13.0
[2026-03-10 14:15:57]   OFF error: timeout: The read operation timed out
[2026-03-10 14:16:22] [122/1405] (8%) Грибы белые сушеные                 | OK 313 ккал Б:31.0 Ж:4.5 У:26.0
[2026-03-10 14:16:59] [123/1405] (8%) Грибы шиитаке сушеные               | OK 284 ккал Б:13.0 Ж:1.8 У:54.0
[2026-03-10 14:17:23] [124/1405] (8%) Груша                               | OK 53 ккал Б:0.4 Ж:0.2 У:11.1
[2026-03-10 14:18:08]   OFF error: timeout: The read operation timed out
[2026-03-10 14:18:35]   OFF error: timeout: The read operation timed out
[2026-03-10 14:19:03]   OFF error: timeout: The read operation timed out
[2026-03-10 14:19:05] [125/1405] (8%) Груша конференс                     | Не найдено
[2026-03-10 14:19:31]   OFF error: timeout: The read operation timed out
[2026-03-10 14:19:51] [126/1405] (8%) Гуава                               | OK 18 ккал Б:0.5 Ж:0.5 У:4.2
[2026-03-10 14:20:29] [127/1405] (9%) Гуанчале                            | OK 189 ккал Б:11.0 Ж:11.0 У:13.0
[2026-03-10 14:21:04] [128/1405] (9%) Гусь (тушка)                        | OK 194 ккал Б:28.2 Ж:6.4 У:5.6
[2026-03-10 14:21:55]   OFF error: timeout: The read operation timed out
[2026-03-10 14:22:13] [129/1405] (9%) Гусятина                            | OK 139 ккал Б:2.3 Ж:1.2 У:28.0
[2026-03-10 14:22:36] [130/1405] (9%) Дайкон                              | OK 22 ккал Б:1.2 Ж:0 У:4.1
[2026-03-10 14:23:18]   OFF error: timeout: The read operation timed out
[2026-03-10 14:23:46]   OFF error: timeout: The read operation timed out
[2026-03-10 14:24:06] [131/1405] (9%) Дашибульон (даши)                   | OK 210 ккал Б:24.8 Ж:0 У:27.1
[2026-03-10 14:25:20] [132/1405] (9%) Дашимото (порошок даши)             | OK 210 ккал Б:24.8 Ж:0 У:27.1
[2026-03-10 14:26:11]   OFF error: timeout: The read operation timed out
